<?xml version="1.0" encoding="UTF-8"?>
<testng-results ignored="0" total="1" passed="1" failed="0" skipped="0">
  <reporter-output>
    <line>
      <![CDATA[Browser Opened]]>
    </line>
    <line>
      <![CDATA[Sucessfully logged]]>
    </line>
    <line>
      <![CDATA[Test started at: 2024-05-23 15:35:14]]>
    </line>
    <line>
      <![CDATA[task register]]>
    </line>
    <line>
      <![CDATA[ Issue with TADAadvtourplannotApproved Popup, either popup not found or issue with locators. Continuing with the next steps...]]>
    </line>
    <line>
      <![CDATA[TaskcreatedSuccessfullPopup found and handled]]>
    </line>
    <line>
      <![CDATA[failtosaveContactAdmin popup not found ,Continuing with the next steps... ]]>
    </line>
    <line>
      <![CDATA[Test ended at: 2024-05-23 15:35:42]]>
    </line>
    <line>
      <![CDATA[logout]]>
    </line>
    <line>
      <![CDATA[closeBrowser]]>
    </line>
  </reporter-output>
  <suite started-at="2024-05-23T15:35:03 IST" name="Default suite" finished-at="2024-05-23T15:35:48 IST" duration-ms="45439">
    <groups>
    </groups>
    <test started-at="2024-05-23T15:35:03 IST" name="Default test" finished-at="2024-05-23T15:35:48 IST" duration-ms="45439">
      <class name="com.VMS.TestScripts.TaskCreation">
        <test-method is-config="true" signature="BeforeTest()[pri:0, instance:com.VMS.TestScripts.TaskCreation@4d910fd6]" started-at="2024-05-23T15:35:03 IST" name="BeforeTest" finished-at="2024-05-23T15:35:03 IST" duration-ms="110" status="PASS">
          <reporter-output>
          </reporter-output>
        </test-method> <!-- BeforeTest -->
        <test-method is-config="true" signature="openBrowser()[pri:0, instance:com.VMS.TestScripts.TaskCreation@4d910fd6]" started-at="2024-05-23T15:35:03 IST" name="openBrowser" finished-at="2024-05-23T15:35:14 IST" duration-ms="10746" status="PASS">
          <reporter-output>
            <line>
              <![CDATA[Browser Opened]]>
            </line>
          </reporter-output>
        </test-method> <!-- openBrowser -->
        <test-method is-config="true" signature="login()[pri:0, instance:com.VMS.TestScripts.TaskCreation@4d910fd6]" started-at="2024-05-23T15:35:14 IST" name="login" finished-at="2024-05-23T15:35:14 IST" duration-ms="684" status="PASS">
          <reporter-output>
            <line>
              <![CDATA[Sucessfully logged]]>
            </line>
          </reporter-output>
        </test-method> <!-- login -->
        <test-method signature="taskRsister()[pri:0, instance:com.VMS.TestScripts.TaskCreation@4d910fd6]" started-at="2024-05-23T15:35:14 IST" name="taskRsister" finished-at="2024-05-23T15:35:42 IST" duration-ms="28105" status="PASS">
          <reporter-output>
            <line>
              <![CDATA[Test started at: 2024-05-23 15:35:14]]>
            </line>
            <line>
              <![CDATA[task register]]>
            </line>
            <line>
              <![CDATA[ Issue with TADAadvtourplannotApproved Popup, either popup not found or issue with locators. Continuing with the next steps...]]>
            </line>
            <line>
              <![CDATA[TaskcreatedSuccessfullPopup found and handled]]>
            </line>
            <line>
              <![CDATA[failtosaveContactAdmin popup not found ,Continuing with the next steps... ]]>
            </line>
            <line>
              <![CDATA[Test ended at: 2024-05-23 15:35:42]]>
            </line>
          </reporter-output>
        </test-method> <!-- taskRsister -->
        <test-method is-config="true" signature="logout()[pri:0, instance:com.VMS.TestScripts.TaskCreation@4d910fd6]" started-at="2024-05-23T15:35:42 IST" name="logout" finished-at="2024-05-23T15:35:48 IST" duration-ms="5185" status="PASS">
          <reporter-output>
            <line>
              <![CDATA[logout]]>
            </line>
          </reporter-output>
        </test-method> <!-- logout -->
        <test-method is-config="true" signature="closeBrowser()[pri:0, instance:com.VMS.TestScripts.TaskCreation@4d910fd6]" started-at="2024-05-23T15:35:48 IST" name="closeBrowser" finished-at="2024-05-23T15:35:48 IST" duration-ms="247" status="PASS">
          <reporter-output>
            <line>
              <![CDATA[closeBrowser]]>
            </line>
          </reporter-output>
        </test-method> <!-- closeBrowser -->
        <test-method is-config="true" signature="AfterTest()[pri:0, instance:com.VMS.TestScripts.TaskCreation@4d910fd6]" started-at="2024-05-23T15:35:48 IST" name="AfterTest" finished-at="2024-05-23T15:35:48 IST" duration-ms="327" status="PASS">
          <reporter-output>
          </reporter-output>
        </test-method> <!-- AfterTest -->
      </class> <!-- com.VMS.TestScripts.TaskCreation -->
    </test> <!-- Default test -->
  </suite> <!-- Default suite -->
</testng-results>
