<?xml version="1.0" encoding="UTF-8"?>
<testng-results ignored="0" total="1" passed="1" failed="0" skipped="0">
  <reporter-output>
    <line>
      <![CDATA[Browser Opened]]>
    </line>
    <line>
      <![CDATA[Sucessfully logged]]>
    </line>
    <line>
      <![CDATA[Test started at: 2024-05-16 11:36:22]]>
    </line>
    <line>
      <![CDATA[task register]]>
    </line>
    <line>
      <![CDATA[TADAadvtourplannotApproved Popup not found 2. Continuing with the next steps... ]]>
    </line>
    <line>
      <![CDATA[TaskcreatedSuccessfullPopup Popup not found 2. Continuing with the next steps... ]]>
    </line>
    <line>
      <![CDATA[Test ended at: 2024-05-16 11:36:49]]>
    </line>
  </reporter-output>
  <suite started-at="2024-05-16T11:36:10 IST" name="Default suite" finished-at="2024-05-16T11:36:54 IST" duration-ms="43784">
    <groups>
    </groups>
    <test started-at="2024-05-16T11:36:10 IST" name="Default test" finished-at="2024-05-16T11:36:54 IST" duration-ms="43784">
      <class name="com.VMS.TestScripts.TaskCreation">
        <test-method is-config="true" signature="BeforeTest()[pri:0, instance:com.VMS.TestScripts.TaskCreation@4d910fd6]" started-at="2024-05-16T11:36:10 IST" name="BeforeTest" finished-at="2024-05-16T11:36:10 IST" duration-ms="114" status="PASS">
          <reporter-output>
          </reporter-output>
        </test-method> <!-- BeforeTest -->
        <test-method is-config="true" signature="openBrowser()[pri:0, instance:com.VMS.TestScripts.TaskCreation@4d910fd6]" started-at="2024-05-16T11:36:10 IST" name="openBrowser" finished-at="2024-05-16T11:36:22 IST" duration-ms="12133" status="PASS">
          <reporter-output>
            <line>
              <![CDATA[Browser Opened]]>
            </line>
          </reporter-output>
        </test-method> <!-- openBrowser -->
        <test-method is-config="true" signature="login()[pri:0, instance:com.VMS.TestScripts.TaskCreation@4d910fd6]" started-at="2024-05-16T11:36:22 IST" name="login" finished-at="2024-05-16T11:36:22 IST" duration-ms="268" status="PASS">
          <reporter-output>
            <line>
              <![CDATA[Sucessfully logged]]>
            </line>
          </reporter-output>
        </test-method> <!-- login -->
        <test-method signature="taskRsister()[pri:0, instance:com.VMS.TestScripts.TaskCreation@4d910fd6]" started-at="2024-05-16T11:36:22 IST" name="taskRsister" finished-at="2024-05-16T11:36:49 IST" duration-ms="26801" status="PASS">
          <reporter-output>
            <line>
              <![CDATA[Test started at: 2024-05-16 11:36:22]]>
            </line>
            <line>
              <![CDATA[task register]]>
            </line>
            <line>
              <![CDATA[TADAadvtourplannotApproved Popup not found 2. Continuing with the next steps... ]]>
            </line>
            <line>
              <![CDATA[TaskcreatedSuccessfullPopup Popup not found 2. Continuing with the next steps... ]]>
            </line>
            <line>
              <![CDATA[Test ended at: 2024-05-16 11:36:49]]>
            </line>
          </reporter-output>
        </test-method> <!-- taskRsister -->
        <test-method is-config="true" signature="logout()[pri:0, instance:com.VMS.TestScripts.TaskCreation@4d910fd6]" started-at="2024-05-16T11:36:49 IST" name="logout" finished-at="2024-05-16T11:36:53 IST" duration-ms="4132" status="FAIL">
          <exception class="org.openqa.selenium.ElementClickInterceptedException">
            <message>
              <![CDATA[element click intercepted: Element <a class="dropdown-toggle" data-toggle="dropdown">...</a> is not clickable at point (1296, 25). Other element would receive the click: <div class="sweet-overlay" tabindex="-1" style="opacity: 1.08; display: block;"></div>
  (Session info: chrome=125.0.6422.60)
Build info: version: '4.15.0', revision: '1d14b5521b'
System info: os.name: 'Windows 10', os.arch: 'amd64', os.version: '10.0', java.version: '21.0.1'
Driver info: org.openqa.selenium.chrome.ChromeDriver
Command: [29e25f3c8afa32a5713735b503593315, clickElement {id=f.D772163525FF844CAD01698CAC0753F5.d.F40529C91E1E9610CA1671A9BBB1D19B.e.528}]
Capabilities {acceptInsecureCerts: false, browserName: chrome, browserVersion: 125.0.6422.60, chrome: {chromedriverVersion: 125.0.6422.60 (3ac3319bff9f..., userDataDir: C:\Users\Bikash\AppData\Loc...}, fedcm:accounts: true, goog:chromeOptions: {debuggerAddress: localhost:53200}, networkConnectionEnabled: false, pageLoadStrategy: normal, platformName: windows, proxy: Proxy(), se:cdp: ws://localhost:53200/devtoo..., se:cdpVersion: 125.0.6422.60, setWindowRect: true, strictFileInteractability: false, timeouts: {implicit: 0, pageLoad: 300000, script: 30000}, unhandledPromptBehavior: dismiss and notify, webauthn:extension:credBlob: true, webauthn:extension:largeBlob: true, webauthn:extension:minPinLength: true, webauthn:extension:prf: true, webauthn:virtualAuthenticators: true}
Element: [[ChromeDriver: chrome on windows (29e25f3c8afa32a5713735b503593315)] -> xpath: //a[@class='dropdown-toggle']]
Session ID: 29e25f3c8afa32a5713735b503593315]]>
            </message>
            <full-stacktrace>
              <![CDATA[org.openqa.selenium.ElementClickInterceptedException: element click intercepted: Element <a class="dropdown-toggle" data-toggle="dropdown">...</a> is not clickable at point (1296, 25). Other element would receive the click: <div class="sweet-overlay" tabindex="-1" style="opacity: 1.08; display: block;"></div>
  (Session info: chrome=125.0.6422.60)
Build info: version: '4.15.0', revision: '1d14b5521b'
System info: os.name: 'Windows 10', os.arch: 'amd64', os.version: '10.0', java.version: '21.0.1'
Driver info: org.openqa.selenium.chrome.ChromeDriver
Command: [29e25f3c8afa32a5713735b503593315, clickElement {id=f.D772163525FF844CAD01698CAC0753F5.d.F40529C91E1E9610CA1671A9BBB1D19B.e.528}]
Capabilities {acceptInsecureCerts: false, browserName: chrome, browserVersion: 125.0.6422.60, chrome: {chromedriverVersion: 125.0.6422.60 (3ac3319bff9f..., userDataDir: C:\Users\Bikash\AppData\Loc...}, fedcm:accounts: true, goog:chromeOptions: {debuggerAddress: localhost:53200}, networkConnectionEnabled: false, pageLoadStrategy: normal, platformName: windows, proxy: Proxy(), se:cdp: ws://localhost:53200/devtoo..., se:cdpVersion: 125.0.6422.60, setWindowRect: true, strictFileInteractability: false, timeouts: {implicit: 0, pageLoad: 300000, script: 30000}, unhandledPromptBehavior: dismiss and notify, webauthn:extension:credBlob: true, webauthn:extension:largeBlob: true, webauthn:extension:minPinLength: true, webauthn:extension:prf: true, webauthn:virtualAuthenticators: true}
Element: [[ChromeDriver: chrome on windows (29e25f3c8afa32a5713735b503593315)] -> xpath: //a[@class='dropdown-toggle']]
Session ID: 29e25f3c8afa32a5713735b503593315
at java.base/jdk.internal.reflect.DirectConstructorHandleAccessor.newInstance(DirectConstructorHandleAccessor.java:62)
at java.base/java.lang.reflect.Constructor.newInstanceWithCaller(Constructor.java:502)
at java.base/java.lang.reflect.Constructor.newInstance(Constructor.java:486)
at org.openqa.selenium.remote.codec.w3c.W3CHttpResponseCodec.createException(W3CHttpResponseCodec.java:200)
at org.openqa.selenium.remote.codec.w3c.W3CHttpResponseCodec.decode(W3CHttpResponseCodec.java:133)
at org.openqa.selenium.remote.codec.w3c.W3CHttpResponseCodec.decode(W3CHttpResponseCodec.java:52)
at org.openqa.selenium.remote.HttpCommandExecutor.execute(HttpCommandExecutor.java:191)
at org.openqa.selenium.remote.service.DriverCommandExecutor.invokeExecute(DriverCommandExecutor.java:200)
at org.openqa.selenium.remote.service.DriverCommandExecutor.execute(DriverCommandExecutor.java:175)
at org.openqa.selenium.remote.RemoteWebDriver.execute(RemoteWebDriver.java:607)
at org.openqa.selenium.remote.RemoteWebElement.execute(RemoteWebElement.java:224)
at org.openqa.selenium.remote.RemoteWebElement.click(RemoteWebElement.java:77)
at java.base/jdk.internal.reflect.DirectMethodHandleAccessor.invoke(DirectMethodHandleAccessor.java:103)
at java.base/java.lang.reflect.Method.invoke(Method.java:580)
at org.openqa.selenium.support.pagefactory.internal.LocatingElementHandler.invoke(LocatingElementHandler.java:51)
at jdk.proxy2/jdk.proxy2.$Proxy19.click(Unknown Source)
at com.VMS.POM.HomePage.getlogout(HomePage.java:32)
at com.VMS.Generic.Baseclass.logout(Baseclass.java:62)
at java.base/jdk.internal.reflect.DirectMethodHandleAccessor.invoke(DirectMethodHandleAccessor.java:103)
at java.base/java.lang.reflect.Method.invoke(Method.java:580)
at org.testng.internal.MethodInvocationHelper.invokeMethod(MethodInvocationHelper.java:133)
at org.testng.internal.MethodInvocationHelper.invokeMethodConsideringTimeout(MethodInvocationHelper.java:62)
at org.testng.internal.ConfigInvoker.invokeConfigurationMethod(ConfigInvoker.java:385)
at org.testng.internal.ConfigInvoker.invokeConfigurations(ConfigInvoker.java:321)
at org.testng.internal.TestInvoker.runConfigMethods(TestInvoker.java:700)
at org.testng.internal.TestInvoker.runAfterGroupsConfigurations(TestInvoker.java:676)
at org.testng.internal.TestInvoker.invokeMethod(TestInvoker.java:660)
at org.testng.internal.TestInvoker.invokeTestMethod(TestInvoker.java:173)
at org.testng.internal.MethodRunner.runInSequence(MethodRunner.java:46)
at org.testng.internal.TestInvoker$MethodInvocationAgent.invoke(TestInvoker.java:824)
at org.testng.internal.TestInvoker.invokeTestMethods(TestInvoker.java:146)
at org.testng.internal.TestMethodWorker.invokeTestMethods(TestMethodWorker.java:146)
at org.testng.internal.TestMethodWorker.run(TestMethodWorker.java:128)
at java.base/java.util.ArrayList.forEach(ArrayList.java:1596)
at org.testng.TestRunner.privateRun(TestRunner.java:794)
at org.testng.TestRunner.run(TestRunner.java:596)
at org.testng.SuiteRunner.runTest(SuiteRunner.java:377)
at org.testng.SuiteRunner.runSequentially(SuiteRunner.java:371)
at org.testng.SuiteRunner.privateRun(SuiteRunner.java:332)
at org.testng.SuiteRunner.run(SuiteRunner.java:276)
at org.testng.SuiteRunnerWorker.runSuite(SuiteRunnerWorker.java:53)
at org.testng.SuiteRunnerWorker.run(SuiteRunnerWorker.java:96)
at org.testng.TestNG.runSuitesSequentially(TestNG.java:1212)
at org.testng.TestNG.runSuitesLocally(TestNG.java:1134)
at org.testng.TestNG.runSuites(TestNG.java:1063)
at org.testng.TestNG.run(TestNG.java:1031)
at org.testng.remote.AbstractRemoteTestNG.run(AbstractRemoteTestNG.java:115)
at org.testng.remote.RemoteTestNG.initAndRun(RemoteTestNG.java:251)
at org.testng.remote.RemoteTestNG.main(RemoteTestNG.java:77)
]]>
            </full-stacktrace>
          </exception> <!-- org.openqa.selenium.ElementClickInterceptedException -->
          <reporter-output>
          </reporter-output>
        </test-method> <!-- logout -->
        <test-method is-config="true" signature="closeBrowser()[pri:0, instance:com.VMS.TestScripts.TaskCreation@4d910fd6]" started-at="2024-05-16T11:36:53 IST" name="closeBrowser" finished-at="1970-01-01T05:30:00 IST" duration-ms="-1715839613725" status="SKIP">
          <reporter-output>
          </reporter-output>
        </test-method> <!-- closeBrowser -->
        <test-method is-config="true" signature="AfterTest()[pri:0, instance:com.VMS.TestScripts.TaskCreation@4d910fd6]" started-at="2024-05-16T11:36:53 IST" name="AfterTest" finished-at="2024-05-16T11:36:54 IST" duration-ms="291" status="PASS">
          <reporter-output>
          </reporter-output>
        </test-method> <!-- AfterTest -->
      </class> <!-- com.VMS.TestScripts.TaskCreation -->
    </test> <!-- Default test -->
  </suite> <!-- Default suite -->
</testng-results>
